<?xml version="1.0" encoding="UTF-8" ?>
<testsuite tests="6" failures="0" name="com.servicenow.tests.GetAPITest" time="5.591" errors="0" skipped="0">
  <properties>
[...]
</properties>
  <testcase classname="com.servicenow.tests.GetAPITest" name="getPublicRepo" time="2.093"/>
  <testcase classname="com.servicenow.tests.GetAPITest" name="getRepoGithub" time="1.291"/>
  <testcase classname="com.servicenow.tests.GetAPITest" name="getRepoNoOfFollowers" time="0.467"/>
  <testcase classname="com.servicenow.tests.GetAPITest" name="getRepoSize" time="0.548"/>
  <testcase classname="com.servicenow.tests.GetAPITest" name="getRepoStarts" time="0.573"/>
  <testcase classname="com.servicenow.tests.GetAPITest" name="getRepoWithWordInReadMe" time="0.619"/>
</testsuite>