<?xml version="1.0" encoding="UTF-8"?>
<testng-results ignored="0" total="6" passed="6" failed="0" skipped="0">
  <reporter-output>
  </reporter-output>
  <suite started-at="2020-12-16T17:20:29 CET" name="com.servicenow.tests.GetAPITest" finished-at="2020-12-16T17:20:35 CET" duration-ms="5613">
    <groups>
    </groups>
    <test started-at="2020-12-16T17:20:29 CET" name="Command line test" finished-at="2020-12-16T17:20:35 CET" duration-ms="5613">
      <class name="com.servicenow.tests.GetAPITest">
        <test-method is-config="true" signature="setUp()[pri:0, instance:com.servicenow.tests.GetAPITest@4b0b0854]" started-at="2020-12-16T17:20:29 CET" name="setUp" finished-at="2020-12-16T17:20:29 CET" duration-ms="4" status="PASS">
          <reporter-output>
          </reporter-output>
        </test-method> <!-- setUp -->
        <test-method signature="getPublicRepo()[pri:0, instance:com.servicenow.tests.GetAPITest@4b0b0854]" started-at="2020-12-16T17:20:29 CET" name="getPublicRepo" finished-at="2020-12-16T17:20:31 CET" duration-ms="2086" status="PASS">
          <reporter-output>
          </reporter-output>
        </test-method> <!-- getPublicRepo -->
        <test-method is-config="true" signature="setUp()[pri:0, instance:com.servicenow.tests.GetAPITest@4b0b0854]" started-at="2020-12-16T17:20:31 CET" name="setUp" finished-at="2020-12-16T17:20:31 CET" duration-ms="1" status="PASS">
          <reporter-output>
          </reporter-output>
        </test-method> <!-- setUp -->
        <test-method signature="getRepoGithub()[pri:0, instance:com.servicenow.tests.GetAPITest@4b0b0854]" started-at="2020-12-16T17:20:31 CET" name="getRepoGithub" finished-at="2020-12-16T17:20:32 CET" duration-ms="1292" status="PASS">
          <reporter-output>
          </reporter-output>
        </test-method> <!-- getRepoGithub -->
        <test-method signature="getRepoNoOfFollowers()[pri:0, instance:com.servicenow.tests.GetAPITest@4b0b0854]" started-at="2020-12-16T17:20:32 CET" name="getRepoNoOfFollowers" finished-at="2020-12-16T17:20:33 CET" duration-ms="467" status="PASS">
          <reporter-output>
          </reporter-output>
        </test-method> <!-- getRepoNoOfFollowers -->
        <test-method is-config="true" signature="setUp()[pri:0, instance:com.servicenow.tests.GetAPITest@4b0b0854]" started-at="2020-12-16T17:20:32 CET" name="setUp" finished-at="2020-12-16T17:20:32 CET" duration-ms="0" status="PASS">
          <reporter-output>
          </reporter-output>
        </test-method> <!-- setUp -->
        <test-method is-config="true" signature="setUp()[pri:0, instance:com.servicenow.tests.GetAPITest@4b0b0854]" started-at="2020-12-16T17:20:33 CET" name="setUp" finished-at="2020-12-16T17:20:33 CET" duration-ms="1" status="PASS">
          <reporter-output>
          </reporter-output>
        </test-method> <!-- setUp -->
        <test-method signature="getRepoSize()[pri:0, instance:com.servicenow.tests.GetAPITest@4b0b0854]" started-at="2020-12-16T17:20:33 CET" name="getRepoSize" finished-at="2020-12-16T17:20:33 CET" duration-ms="549" status="PASS">
          <reporter-output>
          </reporter-output>
        </test-method> <!-- getRepoSize -->
        <test-method is-config="true" signature="setUp()[pri:0, instance:com.servicenow.tests.GetAPITest@4b0b0854]" started-at="2020-12-16T17:20:33 CET" name="setUp" finished-at="2020-12-16T17:20:33 CET" duration-ms="2" status="PASS">
          <reporter-output>
          </reporter-output>
        </test-method> <!-- setUp -->
        <test-method signature="getRepoStarts()[pri:0, instance:com.servicenow.tests.GetAPITest@4b0b0854]" started-at="2020-12-16T17:20:33 CET" name="getRepoStarts" finished-at="2020-12-16T17:20:34 CET" duration-ms="573" status="PASS">
          <reporter-output>
          </reporter-output>
        </test-method> <!-- getRepoStarts -->
        <test-method is-config="true" signature="setUp()[pri:0, instance:com.servicenow.tests.GetAPITest@4b0b0854]" started-at="2020-12-16T17:20:34 CET" name="setUp" finished-at="2020-12-16T17:20:34 CET" duration-ms="1" status="PASS">
          <reporter-output>
          </reporter-output>
        </test-method> <!-- setUp -->
        <test-method signature="getRepoWithWordInReadMe()[pri:0, instance:com.servicenow.tests.GetAPITest@4b0b0854]" started-at="2020-12-16T17:20:34 CET" name="getRepoWithWordInReadMe" finished-at="2020-12-16T17:20:35 CET" duration-ms="598" status="PASS">
          <reporter-output>
          </reporter-output>
        </test-method> <!-- getRepoWithWordInReadMe -->
      </class> <!-- com.servicenow.tests.GetAPITest -->
    </test> <!-- Command line test -->
  </suite> <!-- com.servicenow.tests.GetAPITest -->
</testng-results>
