<?xml version="1.0" encoding="UTF-8"?>
<!-- Generated by org.testng.reporters.JUnitXMLReporter -->
<testsuite ignored="0" hostname="NLLH4000905188" failures="0" tests="6" name="Command line test" time="7.78" errors="0" timestamp="2020-12-16T14:04:17 CET">
  <testcase classname="com.servicenow.tests.GetAPITest" name="getPublicRepo" time="1.757"/>
  <testcase classname="com.servicenow.tests.GetAPITest" name="getRepoGithub" time="1.499"/>
  <testcase classname="com.servicenow.tests.GetAPITest" name="getRepoNoOfFollowers" time="1.402"/>
  <testcase classname="com.servicenow.tests.GetAPITest" name="getRepoSize" time="1.021"/>
  <testcase classname="com.servicenow.tests.GetAPITest" name="getRepoStarts" time="1.029"/>
  <testcase classname="com.servicenow.tests.GetAPITest" name="getRepoWithWordInReadMe" time="1.016"/>
</testsuite> <!-- Command line test -->
