<?xml version="1.0" encoding="UTF-8"?>
<!-- Generated by org.testng.reporters.JUnitXMLReporter -->
<testsuite ignored="0" hostname="NLLH4000905188" failures="0" tests="6" name="Command line test" time="5.613" errors="0" timestamp="2020-12-16T17:20:35 CET">
  <testcase classname="com.servicenow.tests.GetAPITest" name="getPublicRepo" time="2.086"/>
  <testcase classname="com.servicenow.tests.GetAPITest" name="getRepoGithub" time="1.292"/>
  <testcase classname="com.servicenow.tests.GetAPITest" name="getRepoNoOfFollowers" time="0.467"/>
  <testcase classname="com.servicenow.tests.GetAPITest" name="getRepoSize" time="0.549"/>
  <testcase classname="com.servicenow.tests.GetAPITest" name="getRepoStarts" time="0.573"/>
  <testcase classname="com.servicenow.tests.GetAPITest" name="getRepoWithWordInReadMe" time="0.598"/>
</testsuite> <!-- Command line test -->
